nohup: ignoring input
[139:08:58.739081849] [13783] [1;32m INFO [1;37mCamera [1;34mcamera_manager.cpp:325 [0mlibcamera v0.3.2+27-7330f29b
[139:08:58.861796755] [13789] [1;33m WARN [1;37mRPiSdn [1;34msdn.cpp:40 [0mUsing legacy SDN tuning - please consider moving SDN inside rpi.denoise
[139:08:58.867132254] [13789] [1;33m WARN [1;37mRPI [1;34mvc4.cpp:393 [0mMismatch between Unicam and CamHelper for embedded data usage!
[139:08:58.868538810] [13789] [1;32m INFO [1;37mRPI [1;34mvc4.cpp:447 [0mRegistered camera /base/soc/i2c0mux/i2c@1/imx219@10 to Unicam device /dev/media1 and ISP device /dev/media0
[139:08:58.868617820] [13789] [1;32m INFO [1;37mRPI [1;34mpipeline_base.cpp:1126 [0mUsing configuration file '/usr/share/libcamera/pipeline/rpi/vc4/rpi_apps.yaml'
[139:08:58.889163568] [13783] [1;32m INFO [1;37mCamera [1;34mcamera.cpp:1197 [0mconfiguring streams: (0) 640x480-XBGR8888 (1) 640x480-SBGGR10_CSI2P
[139:08:58.889944971] [13789] [1;32m INFO [1;37mRPI [1;34mvc4.cpp:622 [0mSensor: /base/soc/i2c0mux/i2c@1/imx219@10 - Selected sensor format: 640x480-SBGGR10_1X10 - Selected unicam format: 640x480-pBAA
Already on 'master'
Your branch is up to date with 'origin/master'.
Author identity unknown

*** Please tell me who you are.

Run

  git config --global user.email "you@example.com"
  git config --global user.name "Your Name"

to set your account's default identity.
Omit --global to set the identity only in this repository.

fatal: unable to auto-detect email address (got 'root@raspberrypi.(none)')
error: cannot pull with rebase: Your index contains uncommitted changes.
error: please commit or stash them.
